"../../../../../../Users/fowke/Documents/1. Uni/Year-2-Unit-2/FiremanSam/Content/Assets/Animals/Koobar/lambert1.uasset" 0
"../../../../../../Users/fowke/Documents/1. Uni/Year-2-Unit-2/FiremanSam/Content/Assets/Animals/Koobar/Koobar_Substance.uasset" 1
"../../../../../../Users/fowke/Documents/1. Uni/Year-2-Unit-2/FiremanSam/Content/Assets/Characters/Firefighter/Fireman_Base_Skeleton.uasset" 2
"../../../../../../Users/fowke/Documents/1. Uni/Year-2-Unit-2/FiremanSam/Content/Assets/Characters/Firefighter/AnimationSet/crouching_turn_90_left.uasset" 3
"../../../../../../Users/fowke/Documents/1. Uni/Year-2-Unit-2/FiremanSam/Content/Assets/Characters/Firefighter/AnimationSet/crouching_turn_90_right.uasset" 4
"../../../../../../Users/fowke/Documents/1. Uni/Year-2-Unit-2/FiremanSam/Content/Assets/Characters/Firefighter/AnimationSet/death_crouching_headshot_front.uasset" 5
"../../../../../../Users/fowke/Documents/1. Uni/Year-2-Unit-2/FiremanSam/Content/Assets/Characters/Firefighter/AnimationSet/death_from_back_headshot.uasset" 6
"../../../../../../Users/fowke/Documents/1. Uni/Year-2-Unit-2/FiremanSam/Content/Assets/Characters/Firefighter/AnimationSet/death_from_front_headshot.uasset" 7
"../../../../../../Users/fowke/Documents/1. Uni/Year-2-Unit-2/FiremanSam/Content/Assets/Characters/Firefighter/AnimationSet/death_from_right.uasset" 8
"../../../../../../Users/fowke/Documents/1. Uni/Year-2-Unit-2/FiremanSam/Content/Assets/Characters/Firefighter/AnimationSet/death_from_the_back.uasset" 9
"../../../../../../Users/fowke/Documents/1. Uni/Year-2-Unit-2/FiremanSam/Content/Assets/Characters/Firefighter/AnimationSet/death_from_the_front.uasset" 10
"../../../../../../Users/fowke/Documents/1. Uni/Year-2-Unit-2/FiremanSam/Content/Assets/Characters/Firefighter/AnimationSet/idle_aiming.uasset" 11
"../../../../../../Users/fowke/Documents/1. Uni/Year-2-Unit-2/FiremanSam/Content/Assets/Characters/Firefighter/AnimationSet/idle_crouching.uasset" 12
"../../../../../../Users/fowke/Documents/1. Uni/Year-2-Unit-2/FiremanSam/Content/Assets/Characters/Firefighter/AnimationSet/idle_crouching_aiming.uasset" 13
"../../../../../../Users/fowke/Documents/1. Uni/Year-2-Unit-2/FiremanSam/Content/Assets/Characters/Firefighter/AnimationSet/jump_down.uasset" 14
"../../../../../../Users/fowke/Documents/1. Uni/Year-2-Unit-2/FiremanSam/Content/Assets/Characters/Firefighter/AnimationSet/jump_loop.uasset" 15
"../../../../../../Users/fowke/Documents/1. Uni/Year-2-Unit-2/FiremanSam/Content/Assets/Characters/Firefighter/AnimationSet/jump_up.uasset" 16
"../../../../../../Users/fowke/Documents/1. Uni/Year-2-Unit-2/FiremanSam/Content/Assets/Characters/Firefighter/AnimationSet/run_backward_left.uasset" 17
"../../../../../../Users/fowke/Documents/1. Uni/Year-2-Unit-2/FiremanSam/Content/Assets/Characters/Firefighter/AnimationSet/run_backward_right.uasset" 18
"../../../../../../Users/fowke/Documents/1. Uni/Year-2-Unit-2/FiremanSam/Content/Assets/Characters/Firefighter/AnimationSet/run_forward.uasset" 19
"../../../../../../Users/fowke/Documents/1. Uni/Year-2-Unit-2/FiremanSam/Content/Assets/Characters/Firefighter/AnimationSet/run_forward_left.uasset" 20
"../../../../../../Users/fowke/Documents/1. Uni/Year-2-Unit-2/FiremanSam/Content/Assets/Characters/Firefighter/AnimationSet/run_forward_right.uasset" 21
"../../../../../../Users/fowke/Documents/1. Uni/Year-2-Unit-2/FiremanSam/Content/Assets/Characters/Firefighter/AnimationSet/run_left.uasset" 22
"../../../../../../Users/fowke/Documents/1. Uni/Year-2-Unit-2/FiremanSam/Content/Assets/Characters/Firefighter/AnimationSet/run_right.uasset" 23
"../../../../../../Users/fowke/Documents/1. Uni/Year-2-Unit-2/FiremanSam/Content/Assets/Characters/Firefighter/AnimationSet/turn_90_left.uasset" 24
"../../../../../../Users/fowke/Documents/1. Uni/Year-2-Unit-2/FiremanSam/Content/Assets/Characters/Firefighter/AnimationSet/turn_90_right.uasset" 25
"../../../../../../Users/fowke/Documents/1. Uni/Year-2-Unit-2/FiremanSam/Content/Assets/Characters/Firefighter/AnimationSet/walk_backward.uasset" 26
"../../../../../../Users/fowke/Documents/1. Uni/Year-2-Unit-2/FiremanSam/Content/Assets/Characters/Firefighter/AnimationSet/walk_backward_left.uasset" 27
"../../../../../../Users/fowke/Documents/1. Uni/Year-2-Unit-2/FiremanSam/Content/Assets/Characters/Firefighter/AnimationSet/walk_backward_right.uasset" 28
"../../../../../../Users/fowke/Documents/1. Uni/Year-2-Unit-2/FiremanSam/Content/Assets/Characters/Firefighter/AnimationSet/walk_crouching_backward.uasset" 29
"../../../../../../Users/fowke/Documents/1. Uni/Year-2-Unit-2/FiremanSam/Content/Assets/Characters/Firefighter/AnimationSet/walk_crouching_backward_left.uasset" 30
"../../../../../../Users/fowke/Documents/1. Uni/Year-2-Unit-2/FiremanSam/Content/Assets/Characters/Firefighter/AnimationSet/walk_crouching_backward_right.uasset" 31
"../../../../../../Users/fowke/Documents/1. Uni/Year-2-Unit-2/FiremanSam/Content/Assets/Characters/Firefighter/AnimationSet/walk_crouching_forward.uasset" 32
"../../../../../../Users/fowke/Documents/1. Uni/Year-2-Unit-2/FiremanSam/Content/Assets/Characters/Firefighter/AnimationSet/walk_crouching_forward_left.uasset" 33
"../../../../../../Users/fowke/Documents/1. Uni/Year-2-Unit-2/FiremanSam/Content/Assets/Characters/Firefighter/AnimationSet/walk_crouching_forward_right.uasset" 34
"../../../../../../Users/fowke/Documents/1. Uni/Year-2-Unit-2/FiremanSam/Content/Assets/Characters/Firefighter/AnimationSet/walk_crouching_left.uasset" 35
"../../../../../../Users/fowke/Documents/1. Uni/Year-2-Unit-2/FiremanSam/Content/Assets/Characters/Firefighter/AnimationSet/walk_crouching_right.uasset" 36
"../../../../../../Users/fowke/Documents/1. Uni/Year-2-Unit-2/FiremanSam/Content/Assets/Characters/Firefighter/AnimationSet/walk_forward.uasset" 37
"../../../../../../Users/fowke/Documents/1. Uni/Year-2-Unit-2/FiremanSam/Content/Assets/Characters/Firefighter/AnimationSet/walk_forward_left.uasset" 38
"../../../../../../Users/fowke/Documents/1. Uni/Year-2-Unit-2/FiremanSam/Content/Assets/Characters/Firefighter/AnimationSet/walk_forward_right.uasset" 39
"../../../../../../Users/fowke/Documents/1. Uni/Year-2-Unit-2/FiremanSam/Content/Assets/Characters/Firefighter/AnimationSet/walk_left.uasset" 40
"../../../../../../Users/fowke/Documents/1. Uni/Year-2-Unit-2/FiremanSam/Content/Assets/Characters/Firefighter/AnimationSet/walk_right.uasset" 41
"../../../../../../Users/fowke/Documents/1. Uni/Year-2-Unit-2/FiremanSam/Content/Assets/Characters/Gardener/Gardener_Base_Skeleton.uasset" 42
"../../../../../../Users/fowke/Documents/1. Uni/Year-2-Unit-2/FiremanSam/Content/Assets/Characters/Gardener/AnimationSet/Breathing_Idle.uasset" 43
"../../../../../../Users/fowke/Documents/1. Uni/Year-2-Unit-2/FiremanSam/Content/Assets/Characters/Gardener/AnimationSet/standing_run_forward_stop.uasset" 44
"../../../../../../Users/fowke/Documents/1. Uni/Year-2-Unit-2/FiremanSam/Content/Assets/Characters/Gardener/AnimationSet/standing_turn_90_left.uasset" 45
"../../../../../../Users/fowke/Documents/1. Uni/Year-2-Unit-2/FiremanSam/Content/Assets/Characters/Gardener/AnimationSet/standing_turn_90_right.uasset" 46
"../../../../../../Users/fowke/Documents/1. Uni/Year-2-Unit-2/FiremanSam/Content/Assets/Element/Fire/blinn1.uasset" 47
"../../../../../../Users/fowke/Documents/1. Uni/Year-2-Unit-2/FiremanSam/Content/Assets/Element/Fire/FIRE.uasset" 48
"../../../../../../Users/fowke/Documents/1. Uni/Year-2-Unit-2/FiremanSam/Content/Assets/Element/Fire/Base.uasset" 49
"../../../../../../Users/fowke/Documents/1. Uni/Year-2-Unit-2/FiremanSam/Content/Assets/Element/Fire/Tips.uasset" 50
"../../../../../../Users/fowke/Documents/1. Uni/Year-2-Unit-2/FiremanSam/Content/Assets/Element/Fire/Fire_Low.uasset" 51
"../../../../../../Users/fowke/Documents/1. Uni/Year-2-Unit-2/FiremanSam/Content/Assets/Nature/Bush/Leaves.uasset" 52
"../../../../../../Users/fowke/Documents/1. Uni/Year-2-Unit-2/FiremanSam/Content/Assets/Nature/Bush/Tree_Base.uasset" 53
"../../../../../../Users/fowke/Documents/1. Uni/Year-2-Unit-2/FiremanSam/Content/Assets/Nature/Bush/Tree_Secondary.uasset" 54
"../../../../../../Users/fowke/Documents/1. Uni/Year-2-Unit-2/FiremanSam/Content/Assets/Nature/Bush/Bush_A.uasset" 55
"../../../../../../Users/fowke/Documents/1. Uni/Year-2-Unit-2/FiremanSam/Content/Assets/Nature/Rock/TXT/Rocks_ambientocclusion.uasset" 56
"../../../../../../Users/fowke/Documents/1. Uni/Year-2-Unit-2/FiremanSam/Content/Assets/Nature/Rock/TXT/Rocks_basecolor.uasset" 57
"../../../../../../Users/fowke/Documents/1. Uni/Year-2-Unit-2/FiremanSam/Content/Assets/Nature/Rock/TXT/Rocks_height.uasset" 58
"../../../../../../Users/fowke/Documents/1. Uni/Year-2-Unit-2/FiremanSam/Content/Assets/Nature/Rock/TXT/Rocks_normal.uasset" 59
"../../../../../../Users/fowke/Documents/1. Uni/Year-2-Unit-2/FiremanSam/Content/Assets/Nature/Rock/TXT/Rocks_roughness.uasset" 60
"../../../../../../Users/fowke/Documents/1. Uni/Year-2-Unit-2/FiremanSam/Content/Assets/Nature/Rock/TXT/Rocktxt.uasset" 61
"../../../../../../Users/fowke/Documents/1. Uni/Year-2-Unit-2/FiremanSam/Content/Assets/Nature/Trees/Log/Tree_Base.uasset" 62
"../../../../../../Users/fowke/Documents/1. Uni/Year-2-Unit-2/FiremanSam/Content/Assets/Nature/Trees/Log/Tree_Secondary.uasset" 63
"../../../../../../Users/fowke/Documents/1. Uni/Year-2-Unit-2/FiremanSam/Content/Assets/Nature/Trees/Log/Log.uasset" 64
"../../../../../../Users/fowke/Documents/1. Uni/Year-2-Unit-2/FiremanSam/Content/Assets/Nature/Trees/States/A/Tree_Base.uasset" 65
"../../../../../../Users/fowke/Documents/1. Uni/Year-2-Unit-2/FiremanSam/Content/Assets/Nature/Trees/States/A/Tree_Secondary.uasset" 66
"../../../../../../Users/fowke/Documents/1. Uni/Year-2-Unit-2/FiremanSam/Content/Assets/Nature/Trees/States/A/Tree_A_State_5_Burnt.uasset" 67
"../../../../../../Users/fowke/Documents/1. Uni/Year-2-Unit-2/FiremanSam/Content/Assets/Nature/Trees/States/B/Tree_Base.uasset" 68
"../../../../../../Users/fowke/Documents/1. Uni/Year-2-Unit-2/FiremanSam/Content/Assets/Nature/Trees/States/B/Tree_Secondary.uasset" 69
"../../../../../../Users/fowke/Documents/1. Uni/Year-2-Unit-2/FiremanSam/Content/Assets/Nature/Trees/States/B/Tree_B_State_5_Burnt.uasset" 70
"../../../../../../Users/fowke/Documents/1. Uni/Year-2-Unit-2/FiremanSam/Content/Assets/Textures/Grass/PracticeGrass_ambientocclusion.uasset" 71
"../../../../../../Users/fowke/Documents/1. Uni/Year-2-Unit-2/FiremanSam/Content/Assets/Textures/Grass/PracticeGrass_normal.uasset" 72
"../../../../../../Users/fowke/Documents/1. Uni/Year-2-Unit-2/FiremanSam/Content/Assets/Textures/Grass/PracticeGrass_roughness.uasset" 73
"../../../../../../Users/fowke/Documents/1. Uni/Year-2-Unit-2/FiremanSam/Content/Assets/Textures/Mud/Mud_Practice_ambientocclusion.uasset" 74
"../../../../../../Users/fowke/Documents/1. Uni/Year-2-Unit-2/FiremanSam/Content/Assets/Textures/Mud/Mud_Practice_metallic.uasset" 75
"../../../../../../Users/fowke/Documents/1. Uni/Year-2-Unit-2/FiremanSam/Content/Assets/Textures/Mud/Mud_Practice_normal.uasset" 76
"../../../../../../Users/fowke/Documents/1. Uni/Year-2-Unit-2/FiremanSam/Content/Assets/Textures/Mud/Mud_Practice_roughness.uasset" 77
"../../../../../../Users/fowke/Documents/1. Uni/Year-2-Unit-2/FiremanSam/Content/Assets/Textures/Tree/Leaves/Tree_Leaves_ambientocclusion.uasset" 78
"../../../../../../Users/fowke/Documents/1. Uni/Year-2-Unit-2/FiremanSam/Content/Assets/Textures/Tree/Leaves/Tree_Leaves_basecolor.uasset" 79
"../../../../../../Users/fowke/Documents/1. Uni/Year-2-Unit-2/FiremanSam/Content/Assets/Textures/Tree/Leaves/Tree_Leaves_height.uasset" 80
"../../../../../../Users/fowke/Documents/1. Uni/Year-2-Unit-2/FiremanSam/Content/Assets/Textures/Tree/Leaves/Tree_Leaves_normal.uasset" 81
"../../../../../../Users/fowke/Documents/1. Uni/Year-2-Unit-2/FiremanSam/Content/Assets/Textures/Tree/Leaves/Tree_Leaves_roughness.uasset" 82
"../../../Engine/Content/Functions/Engine_MaterialFunctions01/WorldPositionOffset/SimpleGrassWind.uasset" 83
"../../../Engine/Content/EngineMaterials/BlendFunc_DefBase.uasset" 84
"../../../Engine/Content/EngineMaterials/BlendFunc_DefBlend.uasset" 85
"../../../Engine/Content/Functions/Engine_MaterialFunctions03/Blends/Blend_Overlay.uasset" 86
"../../../../../../Users/fowke/Documents/1. Uni/Year-2-Unit-2/FiremanSam/Content/Assets/Textures/Tree/Leaves_B/Pine_Leaves_EDIT_ambientocclusion.uasset" 87
"../../../../../../Users/fowke/Documents/1. Uni/Year-2-Unit-2/FiremanSam/Content/Assets/Textures/Tree/Leaves_B/Pine_Leaves_EDIT_basecolor.uasset" 88
"../../../../../../Users/fowke/Documents/1. Uni/Year-2-Unit-2/FiremanSam/Content/Assets/Textures/Tree/Leaves_B/Pine_Leaves_EDIT_height.uasset" 89
"../../../../../../Users/fowke/Documents/1. Uni/Year-2-Unit-2/FiremanSam/Content/Assets/Textures/Tree/Leaves_B/Pine_Leaves_EDIT_normal.uasset" 90
"../../../../../../Users/fowke/Documents/1. Uni/Year-2-Unit-2/FiremanSam/Content/Assets/Textures/Tree/Leaves_B/Pine_Leaves_EDIT_roughness.uasset" 91
"../../../../../../Users/fowke/Documents/1. Uni/Year-2-Unit-2/FiremanSam/Content/Assets/Textures/Tree/Leaves_B/Leaves_B.uasset" 92
"../../../../../../Users/fowke/Documents/1. Uni/Year-2-Unit-2/FiremanSam/Content/Assets/Tools/Firefighter/WaterGun/lambert1.uasset" 93
"../../../../../../Users/fowke/Documents/1. Uni/Year-2-Unit-2/FiremanSam/Content/Assets/Tools/Firefighter/WaterGun/SM_water_gun.uasset" 94
"../../../../../../Users/fowke/Documents/1. Uni/Year-2-Unit-2/FiremanSam/Content/Assets/Tools/Firefighter/WaterGun/SM_water_gun_2013.uasset" 95
"../../../../../../Users/fowke/Documents/1. Uni/Year-2-Unit-2/FiremanSam/Content/Assets/Tools/Firefighter/WaterGun/lambert2.uasset" 96
"../../../../../../Users/fowke/Documents/1. Uni/Year-2-Unit-2/FiremanSam/Content/Assets/Tools/Firefighter/WaterGun/SM_water_gun_UV_mapped.uasset" 97
"../../../../../../Users/fowke/Documents/1. Uni/Year-2-Unit-2/FiremanSam/Content/Assets/Tools/Firefighter/WaterGun/Base_gun.uasset" 98
"../../../../../../Users/fowke/Documents/1. Uni/Year-2-Unit-2/FiremanSam/Content/Assets/Tools/Firefighter/WaterGun/blinn4.uasset" 99
"../../../../../../Users/fowke/Documents/1. Uni/Year-2-Unit-2/FiremanSam/Content/Assets/Tools/Firefighter/WaterGun/Handle.uasset" 100
"../../../../../../Users/fowke/Documents/1. Uni/Year-2-Unit-2/FiremanSam/Content/Assets/Tools/Firefighter/WaterGun/Metal.uasset" 101
"../../../../../../Users/fowke/Documents/1. Uni/Year-2-Unit-2/FiremanSam/Content/Assets/Tools/Firefighter/WaterGun/Water_Gun_BO_TEMP.uasset" 102
"../../../../../../Users/fowke/Documents/1. Uni/Year-2-Unit-2/FiremanSam/Content/Assets/Tools/Gardener/Seed/Acorn_Base.uasset" 103
"../../../../../../Users/fowke/Documents/1. Uni/Year-2-Unit-2/FiremanSam/Content/Assets/Tools/Gardener/Seed/Acorn_Shine.uasset" 104
"../../../../../../Users/fowke/Documents/1. Uni/Year-2-Unit-2/FiremanSam/Content/Assets/Tools/Gardener/Seed/Acorn.uasset" 105
"../../../../../../Users/fowke/Documents/1. Uni/Year-2-Unit-2/FiremanSam/Content/Blueprints/Tools/Gardener/Shvax/GardenerAxe.uasset" 106
"../../../../../../Users/fowke/Documents/1. Uni/Year-2-Unit-2/FiremanSam/Content/Levels/Development/DevelopmentLevel_sharedassets/Dirt_LayerInfo.uasset" 107
"../../../Engine/Content/Functions/Engine_MaterialFunctions02/Utility/VectorLength.uasset" 108
"../../../../../../Users/fowke/Documents/1. Uni/Year-2-Unit-2/FiremanSam/Content/Materials/OcclusionMF/OcclusionParameterCollection.uasset" 109
"../../../Engine/Content/MapTemplates/T_UDK_Sky_CloudMask03.uasset" 110
"../../../../../../Users/fowke/Documents/1. Uni/Year-2-Unit-2/FiremanSam/Content/Materials/OcclusionMF/OcclusionMaterialFunction.uasset" 111
"../../../../../../Users/fowke/Documents/1. Uni/Year-2-Unit-2/FiremanSam/Content/Materials/CommonUseMPC/PlayerLocations.uasset" 112
"../../../Engine/Content/EngineSky/T_Sky_Clouds_M.uasset" 113
"../../../../../../Users/fowke/Documents/1. Uni/Year-2-Unit-2/FiremanSam/Content/Materials/Smoke/SmokeMaterial.uasset" 114
"../../../../../../Users/fowke/Documents/1. Uni/Year-2-Unit-2/FiremanSam/Content/UI/UI_Assets/Screens/EndScreen/End_Screen_Placeholder.uasset" 115
"../../../../../../Users/fowke/Documents/1. Uni/Year-2-Unit-2/FiremanSam/Content/UI/UI_Assets/WaterTank/Tank_UI_wip_png.uasset" 116
"../../../Engine/Content/Animation/DefaultAnimCurveCompressionSettings.uasset" 117
"../../../Engine/Content/Functions/Engine_MaterialFunctions01/Opacity/CameraDepthFade.uasset" 118
"../../../Engine/Content/EngineMaterials/T_Default_Material_Grid_M.uasset" 119
"../../../Engine/Content/EngineMaterials/T_Default_Material_Grid_N.uasset" 120
"../../../Engine/Content/EngineMaterials/WorldGridMaterial.uasset" 121
"../../../Engine/Content/ArtTools/RenderToTexture/Meshes/S_1_Unit_Plane.uasset" 122
"../../../Engine/Content/EditorLandscapeResources/DataLayer.uasset" 123
"../../../Engine/Content/EditorMaterials/GizmoMaterial.uasset" 124
"../../../Engine/Content/EditorMaterials/MAT_Groups_Toggle.uasset" 125
"../../../Engine/Content/EditorMaterials/MAT_Groups_Visibility.uasset" 126
"../../../Engine/Content/EditorMaterials/PreviewShadowIndicator.uasset" 127
"../../../Engine/Content/EditorMaterials/PreviewShadowIndicatorMaterial.uasset" 128
"../../../Engine/Content/EditorMaterials/MatineeGroups/MAT_ColorTrack.uasset" 129
"../../../Engine/Content/EditorMaterials/MatineeGroups/MAT_Groups_Anim.uasset" 130
"../../../Engine/Content/EditorMaterials/MatineeGroups/MAT_Groups_AudioMaster.uasset" 131
"../../../Engine/Content/EditorMaterials/MatineeGroups/MAT_Groups_Director.uasset" 132
"../../../Engine/Content/EditorMaterials/MatineeGroups/MAT_Groups_Event.uasset" 133
"../../../Engine/Content/EditorMaterials/MatineeGroups/MAT_Groups_Fade.uasset" 134
"../../../Engine/Content/EditorMaterials/MatineeGroups/MAT_Groups_Float.uasset" 135
"../../../Engine/Content/EditorMaterials/MatineeGroups/MAT_Groups_Move.uasset" 136
"../../../Engine/Content/EditorMaterials/MatineeGroups/MAT_Groups_Slomo.uasset" 137
"../../../Engine/Content/EditorMaterials/MatineeGroups/MAT_Groups_Sound.uasset" 138
"../../../Engine/Content/EditorMaterials/MatineeGroups/MAT_Groups_Vector.uasset" 139
"../../../Engine/Content/EditorMaterials/ParticleSystems/PSysThumbnail_NoImage.uasset" 140
"../../../Engine/Content/EditorMaterials/ParticleSystems/PSysThumbnail_OOD.uasset" 141
"../../../Engine/Content/EditorMaterials/Camera/CineMat.uasset" 142
"../../../Engine/Content/EditorMaterials/Camera/MI_CineMat_Rig.uasset" 143
"../../../Engine/Content/EditorMeshes/Camera/SM_CraneRig_Arm.uasset" 144
"../../../Engine/Content/EditorMeshes/Camera/SM_CraneRig_Base.uasset" 145
"../../../Engine/Content/EditorMeshes/Camera/SM_CraneRig_Body.uasset" 146
"../../../Engine/Content/EditorMeshes/Camera/SM_CraneRig_Mount.uasset" 147
"../../../Engine/Content/EditorMeshes/Camera/SM_RailRig_Mount.uasset" 148
"../../../Engine/Content/EditorMeshes/Camera/SM_RailRig_Track.uasset" 149
"../../../Engine/Content/EditorResources/BSPVertex.uasset" 150
"../../../Engine/Content/EditorResources/EmptyActor.uasset" 151
"../../../Engine/Content/EditorResources/S_Actor.uasset" 152
"../../../Engine/Content/EditorResources/S_Note.uasset" 153
"../../../Engine/Content/EditorResources/S_Solver.uasset" 154
"../../../Engine/Content/EditorResources/S_Trigger.uasset" 155
"../../../Engine/Content/EditorResources/LightIcons/S_LightError.uasset" 156
"../../../Engine/Content/EditorResources/SequenceRecorder/Countdown.uasset" 157
"../../../Engine/Content/EditorResources/SequenceRecorder/RecordingIndicator.uasset" 158
"../../../Engine/Content/EditorSounds/Notifications/CompileFailed.uasset" 159
"../../../Engine/Content/EditorSounds/Notifications/CompileFailed_Cue.uasset" 160
"../../../Engine/Content/EditorSounds/Notifications/CompileSuccess.uasset" 161
"../../../Engine/Content/EditorSounds/Notifications/CompileStart_Cue.uasset" 162
"../../../Engine/Content/EditorSounds/Notifications/CompileSuccess_Cue.uasset" 163
"../../../Engine/Content/EngineDamageTypes/DmgTypeBP_Environmental.uasset" 164
"../../../Engine/Content/EngineDebugMaterials/HeatmapGradient.uasset" 165
"../../../Engine/Content/EngineDebugMaterials/BoneWeightMaterial.uasset" 166
"../../../Engine/Content/EngineDebugMaterials/ClothMaterial.uasset" 167
"../../../Engine/Content/EngineDebugMaterials/ClothMaterial_WF.uasset" 168
"../../../Engine/Content/EngineDebugMaterials/DebugEditorMaterial.uasset" 169
"../../../Engine/Content/EngineDebugMaterials/DebugMeshMaterial.uasset" 170
"../../../Engine/Content/EngineDebugMaterials/GeomMaterial.uasset" 171
"../../../Engine/Content/EngineDebugMaterials/M_SimpleTranslucent.uasset" 172
"../../../Engine/Content/Functions/Engine_MaterialFunctions02/Utility/CameraDirectionVector.uasset" 173
"../../../Engine/Content/EngineDebugMaterials/VolumeToRender.uasset" 174
"../../../Engine/Content/EngineDebugMaterials/M_VolumeRenderSphereTracePP.uasset" 175
"../../../Engine/Content/EngineDebugMaterials/WireframeMaterial.uasset" 176
"../../../Engine/Content/EngineFonts/Faces/RobotoBold.uasset" 177
"../../../Engine/Content/EngineFonts/Faces/RobotoBoldItalic.uasset" 178
"../../../Engine/Content/EngineFonts/Faces/RobotoItalic.uasset" 179
"../../../Engine/Content/EngineFonts/Faces/RobotoLight.uasset" 180
"../../../Engine/Content/EngineFonts/Faces/RobotoRegular.uasset" 181
"../../../Engine/Content/EngineFonts/Roboto.uasset" 182
"../../../Engine/Content/EngineMaterials/BaseFlattenDiffuseMap.uasset" 183
"../../../Engine/Content/EngineMaterials/BaseFlattenEmissiveMap.uasset" 184
"../../../Engine/Content/EngineMaterials/BaseFlattenGrayscaleMap.uasset" 185
"../../../Engine/Content/EngineMaterials/BaseFlattenNormalMap.uasset" 186
"../../../Engine/Content/EngineMaterials/BaseFlattenMaterial.uasset" 187
"../../../Engine/Content/EngineMaterials/BlueNoise.uasset" 188
"../../../Engine/Content/EngineMaterials/DefaultBloomKernel.uasset" 189
"../../../Engine/Content/EngineMaterials/DefaultBokeh.uasset" 190
"../../../Engine/Content/EngineMaterials/DefaultDiffuse.uasset" 191
"../../../Engine/Content/EngineMaterials/DefaultDeferredDecalMaterial.uasset" 192
"../../../Engine/Content/EngineMaterials/DefaultLightFunctionMaterial.uasset" 193
"../../../Engine/Content/Functions/Engine_MaterialFunctions02/Utility/BreakOutFloat2Components.uasset" 194
"../../../Engine/Content/EngineMaterials/DefaultPostProcessMaterial.uasset" 195
"../../../Engine/Content/EngineFonts/RobotoDistanceField.uasset" 196
"../../../Engine/Content/EngineMaterials/DefaultTextMaterialOpaque.uasset" 197
"../../../Engine/Content/EngineMaterials/DefaultVirtualTextureMaterial.uasset" 198
"../../../Engine/Content/EngineMaterials/DefaultWhiteGrid.uasset" 199
"../../../Engine/Content/EngineMaterials/EditorBrushMaterial.uasset" 200
"../../../Engine/Content/EngineMaterials/DefaultWhiteGrid_Low.uasset" 201
"../../../Engine/Content/EngineMaterials/EmissiveMeshMaterial.uasset" 202
"../../../Engine/Content/EngineMaterials/Good64x64TilingNoiseHighFreq.uasset" 203
"../../../Engine/Content/EngineMaterials/MiniFont.uasset" 204
"../../../Engine/Content/EngineMaterials/InvalidLightmapSettings.uasset" 205
"../../../Engine/Content/EngineMaterials/M_InvalidLightmapSettings.uasset" 206
"../../../Engine/Content/Functions/Engine_MaterialFunctions02/WorldPositionOffset/CameraOffset.uasset" 207
"../../../Engine/Content/EngineMaterials/PhAT_JointLimitMaterial.uasset" 208
"../../../Engine/Content/EngineMaterials/PreintegratedSkinBRDF.uasset" 209
"../../../Engine/Content/EngineMaterials/RemoveSurfaceMaterial.uasset" 210
"../../../Engine/Content/EngineMaterials/WeightMapPlaceholderTexture.uasset" 211
"../../../Engine/Content/EngineResources/WhiteSquareTexture.uasset" 212
"../../../Engine/Content/EngineMaterials/Widget3DPassThrough.uasset" 213
"../../../Engine/Content/EngineMaterials/Widget3DPassThrough_Masked.uasset" 214
"../../../Engine/Content/EngineMaterials/Widget3DPassThrough_Opaque.uasset" 215
"../../../Engine/Content/EngineMaterials/Widget3DPassThrough_Masked_OneSided.uasset" 216
"../../../Engine/Content/EngineMaterials/Widget3DPassThrough_Opaque_OneSided.uasset" 217
"../../../Engine/Content/EngineMaterials/Widget3DPassThrough_Translucent.uasset" 218
"../../../Engine/Content/EngineMaterials/Widget3DPassThrough_Translucent_OneSided.uasset" 219
"../../../Engine/Content/EngineMaterials/DefaultMaterial.uasset" 220
"../../../Engine/Content/EngineMeshes/Cylinder.uasset" 221
"../../../Engine/Content/EngineResources/Black.uasset" 222
"../../../Engine/Content/EngineResources/DefaultTexture.uasset" 223
"../../../Engine/Content/EngineResources/DefaultTextureCube.uasset" 224
"../../../Engine/Content/EngineResources/DefaultVolumeTexture2D.uasset" 225
"../../../Engine/Content/EngineResources/DefaultVolumeTexture.uasset" 226
"../../../Engine/Content/EngineResources/GradientTexture0.uasset" 227
"../../../Engine/Content/EngineSounds/Master.uasset" 228
"../../../Engine/Content/Functions/Engine_MaterialFunctions01/Shading/ConvertFromDiffSpec.uasset" 229
"../../../Engine/Content/Functions/Engine_MaterialFunctions01/Shading/PowerToRoughness.uasset" 230
"../../../Engine/Content/Maps/Templates/Thumbnails/Default.uasset" 231
"../../../Engine/Content/Maps/Templates/Thumbnails/VR-Basic.uasset" 232
"../../../Engine/Content/MobileResources/T_MobileControls_texture.uasset" 233
"../../../Engine/Content/MobileResources/T_MobileMenu2.uasset" 234
"../../../Engine/Content/MobileResources/HUD/AnalogHat.uasset" 235
"../../../Engine/Content/MobileResources/HUD/VirtualJoystick_Background.uasset" 236
"../../../Engine/Content/MobileResources/HUD/VirtualJoystick_Thumb.uasset" 237
"../../../Engine/Content/MobileResources/HUD/DefaultVirtualJoysticks.uasset" 238
"../../../Engine/Content/MobileResources/HUD/LeftVirtualJoystickOnly.uasset" 239
"../../../Engine/Content/MobileResources/HUD/MobileHUDButton1_off.uasset" 240
"../../../Engine/Content/MobileResources/HUD/MobileHUDButton1_on.uasset" 241
"../../../Engine/Content/MobileResources/HUD/MobileHUDButton2_off.uasset" 242
"../../../Engine/Content/MobileResources/HUD/MobileHUDButton2_on.uasset" 243
"../../../Engine/Content/MobileResources/HUD/MobileHUDButton3.uasset" 244
"../../../Engine/Content/MobileResources/HUD/MobileHUDButtonFire.uasset" 245
"../../../Engine/Content/MobileResources/HUD/MobileHUDDirectionPad.uasset" 246
"../../../Engine/Content/MobileResources/HUD/MobileHUDDirectionPad2.uasset" 247
"../../../Engine/Content/MobileResources/HUD/MobileHUDDirectionPad3.uasset" 248
"../../../Engine/Content/MobileResources/HUD/MobileHUDDirectionStick.uasset" 249
"../../../Engine/Content/MobileResources/HUD/T_Castle_ThumbstickInner.uasset" 250
"../../../Engine/Content/MobileResources/HUD/T_Castle_ThumbstickOutter.uasset" 251
"../../../Engine/Content/Tutorial/ContentIntroCurve.uasset" 252
"../../../Engine/Content/Tutorial/Basics/LevelEditorAttract.uasset" 253
"../../../Engine/Content/Tutorial/BlueprintTutorials/TutorialAssets/Blueprint_64x.uasset" 254
"../../../Engine/Content/Tutorial/BlueprintTutorials/BlueprintEditorTutorial.uasset" 255
"../../../Engine/Content/Tutorial/SubEditors/GettingSubstance.uasset" 256
"../../../Engine/Content/VREditor/LaserPointer/VR_LaserPower_01.uasset" 257
"../../../Engine/Content/VREditor/TransformGizmo/TransformGizmoMaterial.uasset" 258
"../../../Engine/Content/VREditor/TransformGizmo/TranslucentTransformGizmoMaterial.uasset" 259
"../../../Engine/Content/VREditor/TransformGizmo/BoundingBoxCorner.uasset" 260
"../../../Engine/Content/VREditor/TransformGizmo/BoundingBoxEdge.uasset" 261
"../../../Engine/Content/VREditor/TransformGizmo/PlaneTranslationHandle.uasset" 262
"../../../Engine/Content/VREditor/TransformGizmo/Main.uasset" 263
"../../../Engine/Content/VREditor/TransformGizmo/Xray.uasset" 264
"../../../Engine/Content/VREditor/TransformGizmo/SM_Sequencer_Key.uasset" 265
"../../../Engine/Content/VREditor/TransformGizmo/SM_Sequencer_Node.uasset" 266
"../../Plugins/2D/Paper2D/Content/PlaceholderTextures/DummySpriteTexture.uasset" 267
"../../Plugins/2D/Paper2D/Content/DummySprite.uasset" 268
"../../Plugins/2D/Paper2D/Content/DefaultPaperTerrainMaterial.uasset" 269
"../../Plugins/2D/Paper2D/Content/DummySpriteTexture.uasset" 270
"../../Plugins/2D/Paper2D/Content/DefaultSpriteMaterial.uasset" 271
"../../Plugins/2D/Paper2D/Content/MaskedUnlitSpriteMaterial.uasset" 272
"../../Plugins/2D/Paper2D/Content/OpaqueUnlitSpriteMaterial.uasset" 273
"../../Plugins/Runtime/Oculus/OculusVR/Content/OculusMR_RenderTarget.uasset" 274
"../../../Engine/Content/Functions/Engine_MaterialFunctions02/Utility/BreakOutFloat4Components.uasset" 275
"../../../Engine/Content/Functions/Engine_MaterialFunctions02/Utility/MakeFloat2.uasset" 276
"../../../Engine/Content/Functions/Engine_MaterialFunctions02/Utility/MakeFloat3.uasset" 277
"../../Plugins/Runtime/Oculus/OculusVR/Content/Materials/OculusMR_ChromaKey.uasset" 278
"../../Plugins/Runtime/Oculus/OculusVR/Content/Materials/OculusMR_ChromaKey_Lit.uasset" 279
"../../Plugins/Runtime/Oculus/OculusVR/Content/Materials/OculusMR_OpaqueColoredMaterial.uasset" 280
"../../Plugins/Runtime/Oculus/OculusVR/Content/Materials/OculusMR_WhiteMaterial.uasset" 281
"../../../Engine/Content/EditorBlueprintResources/StandardMacros.uasset" 282
"../../../../../../Users/fowke/Documents/1. Uni/Year-2-Unit-2/FiremanSam/Content/Assets/Characters/Firefighter/AnimationSet/idle.uasset" 283
"../../../../../../Users/fowke/Documents/1. Uni/Year-2-Unit-2/FiremanSam/Content/Assets/Characters/Firefighter/AnimationSet/run_backward.uasset" 284
"../../../../../../Users/fowke/Documents/1. Uni/Year-2-Unit-2/FiremanSam/Content/Assets/Characters/Firefighter/AnimationSet/sprint_backward.uasset" 285
"../../../../../../Users/fowke/Documents/1. Uni/Year-2-Unit-2/FiremanSam/Content/Assets/Characters/Firefighter/AnimationSet/sprint_backward_left.uasset" 286
"../../../../../../Users/fowke/Documents/1. Uni/Year-2-Unit-2/FiremanSam/Content/Assets/Characters/Firefighter/AnimationSet/sprint_backward_right.uasset" 287
"../../../../../../Users/fowke/Documents/1. Uni/Year-2-Unit-2/FiremanSam/Content/Assets/Characters/Firefighter/AnimationSet/sprint_forward.uasset" 288
"../../../../../../Users/fowke/Documents/1. Uni/Year-2-Unit-2/FiremanSam/Content/Assets/Characters/Firefighter/AnimationSet/sprint_forward_left.uasset" 289
"../../../../../../Users/fowke/Documents/1. Uni/Year-2-Unit-2/FiremanSam/Content/Assets/Characters/Firefighter/AnimationSet/sprint_forward_right.uasset" 290
"../../../../../../Users/fowke/Documents/1. Uni/Year-2-Unit-2/FiremanSam/Content/Assets/Characters/Firefighter/AnimationSet/sprint_left.uasset" 291
"../../../../../../Users/fowke/Documents/1. Uni/Year-2-Unit-2/FiremanSam/Content/Assets/Characters/Firefighter/AnimationSet/sprint_right.uasset" 292
"../../../../../../Users/fowke/Documents/1. Uni/Year-2-Unit-2/FiremanSam/Content/Animations/FireFighter/MovementBlendSpace.uasset" 293
"../../../../../../Users/fowke/Documents/1. Uni/Year-2-Unit-2/FiremanSam/Content/Animations/FireFighter/FirefighterAnimation.uasset" 294
"../../../../../../Users/fowke/Documents/1. Uni/Year-2-Unit-2/FiremanSam/Content/Blueprints/GameModes/SpawnTools/COOPCamera.uasset" 295
"../../../../../../Users/fowke/Documents/1. Uni/Year-2-Unit-2/FiremanSam/Content/Blueprints/Characters/Character_Base_BP.uasset" 296
"../../../../../../Users/fowke/Documents/1. Uni/Year-2-Unit-2/FiremanSam/Content/Blueprints/Tools/Fireman/FiremanToolBase.uasset" 297
"../../../../../../Users/fowke/Documents/1. Uni/Year-2-Unit-2/FiremanSam/Content/Blueprints/BurnableEntitiesManager.uasset" 298
"../../../../../../Users/fowke/Documents/1. Uni/Year-2-Unit-2/FiremanSam/Content/Blueprints/GameModes/SWFFGameInstance.uasset" 299
"../../../../../../Users/fowke/Documents/1. Uni/Year-2-Unit-2/FiremanSam/Content/Blueprints/GameModes/BlackScreenWidget.uasset" 300
"../../../../../../Users/fowke/Documents/1. Uni/Year-2-Unit-2/FiremanSam/Content/Blueprints/GameModes/GameWidget.uasset" 301
"../../../../../../Users/fowke/Documents/1. Uni/Year-2-Unit-2/FiremanSam/Content/Blueprints/GameModes/GameHUD.uasset" 302
"../../../../../../Users/fowke/Documents/1. Uni/Year-2-Unit-2/FiremanSam/Content/Blueprints/GameModes/SWFFGameMode.uasset" 303
"../../../../../../Users/fowke/Documents/1. Uni/Year-2-Unit-2/FiremanSam/Content/Blueprints/GameObjects/Burnables/TreeHealthWidget.uasset" 304
"../../../../../../Users/fowke/Documents/1. Uni/Year-2-Unit-2/FiremanSam/Content/Blueprints/GameObjects/Burnables/TreeWaterWidget.uasset" 305
"../../../../../../Users/fowke/Documents/1. Uni/Year-2-Unit-2/FiremanSam/Content/Assets/Textures/Fire/FireTextureBase.uasset" 306
"../../../../../../Users/fowke/Documents/1. Uni/Year-2-Unit-2/FiremanSam/Content/Materials/Fire/FireMaterial.uasset" 307
"../../../Engine/Content/MapTemplates/TilingNoise05.uasset" 308
"../../../../../../Users/fowke/Documents/1. Uni/Year-2-Unit-2/FiremanSam/Content/Assets/Textures/Tree/leaves_A/Tree_Leaves_ambientocclusion.uasset" 309
"../../../../../../Users/fowke/Documents/1. Uni/Year-2-Unit-2/FiremanSam/Content/Assets/Textures/Tree/leaves_A/Tree_Leaves_basecolor.uasset" 310
"../../../../../../Users/fowke/Documents/1. Uni/Year-2-Unit-2/FiremanSam/Content/Assets/Textures/Tree/leaves_A/Tree_Leaves_height.uasset" 311
"../../../../../../Users/fowke/Documents/1. Uni/Year-2-Unit-2/FiremanSam/Content/Assets/Textures/Tree/leaves_A/Tree_Leaves_normal.uasset" 312
"../../../../../../Users/fowke/Documents/1. Uni/Year-2-Unit-2/FiremanSam/Content/Assets/Textures/Tree/leaves_A/Tree_Leaves_roughness.uasset" 313
"../../../../../../Users/fowke/Documents/1. Uni/Year-2-Unit-2/FiremanSam/Content/Materials/Nature/LeavesFireMaterialA.uasset" 314
"../../../Engine/Content/BasicShapes/Cube.uasset" 315
"../../../../../../Users/fowke/Documents/1. Uni/Year-2-Unit-2/FiremanSam/Content/Assets/Element/Smoke/FireSmoke/FireSmokeMat.uasset" 316
"../../../../../../Users/fowke/Documents/1. Uni/Year-2-Unit-2/FiremanSam/Content/Assets/Element/Smoke/FireSmoke/FireSmoke1.uasset" 317
"../../../../../../Users/fowke/Documents/1. Uni/Year-2-Unit-2/FiremanSam/Content/Assets/Element/Smoke/FireSmoke/FireSmoke2.uasset" 318
"../../../../../../Users/fowke/Documents/1. Uni/Year-2-Unit-2/FiremanSam/Content/Assets/Element/Smoke/FireSmoke/FireSmoke3.uasset" 319
"../../../../../../Users/fowke/Documents/1. Uni/Year-2-Unit-2/FiremanSam/Content/Particles/SmokeParticleSystem.uasset" 320
"../../../../../../Users/fowke/Documents/1. Uni/Year-2-Unit-2/FiremanSam/Content/Blueprints/GameObjects/Burnables/Burnt_Base.uasset" 321
"../../../../../../Users/fowke/Documents/1. Uni/Year-2-Unit-2/FiremanSam/Content/Assets/Tools/Firefighter/Grenade/M_black.uasset" 322
"../../../../../../Users/fowke/Documents/1. Uni/Year-2-Unit-2/FiremanSam/Content/Assets/Tools/Firefighter/Grenade/M_grey.uasset" 323
"../../../../../../Users/fowke/Documents/1. Uni/Year-2-Unit-2/FiremanSam/Content/Assets/Tools/Firefighter/Grenade/M_red.uasset" 324
"../../../../../../Users/fowke/Documents/1. Uni/Year-2-Unit-2/FiremanSam/Content/Assets/Tools/Firefighter/Grenade/SM_grenade_place_holder.uasset" 325
"../../../../../../Users/fowke/Documents/1. Uni/Year-2-Unit-2/FiremanSam/Content/Assets/Element/Smoke/FoamSmoke/FoamSmokeMat.uasset" 326
"../../../../../../Users/fowke/Documents/1. Uni/Year-2-Unit-2/FiremanSam/Content/Assets/Element/Smoke/FoamSmoke/FoamSmoke1.uasset" 327
"../../../../../../Users/fowke/Documents/1. Uni/Year-2-Unit-2/FiremanSam/Content/Assets/Element/Smoke/FoamSmoke/FoamSmoke2.uasset" 328
"../../../../../../Users/fowke/Documents/1. Uni/Year-2-Unit-2/FiremanSam/Content/Assets/Element/Smoke/FoamSmoke/FoamSmoke3.uasset" 329
"../../../../../../Users/fowke/Documents/1. Uni/Year-2-Unit-2/FiremanSam/Content/Particles/SmokeGrenadeBurst.uasset" 330
"../../../../../../Users/fowke/Documents/1. Uni/Year-2-Unit-2/FiremanSam/Content/Blueprints/Tools/Throwables/GrenadeBP.uasset" 331
"../../../../../../Users/fowke/Documents/1. Uni/Year-2-Unit-2/FiremanSam/Content/Blueprints/Tools/Fireman/GrenadeTool/GrenadeTool.uasset" 332
"../../../../../../Users/fowke/Documents/1. Uni/Year-2-Unit-2/FiremanSam/Content/Assets/Characters/Gardener/AnimationSet/Digging.uasset" 333
"../../../../../../Users/fowke/Documents/1. Uni/Year-2-Unit-2/FiremanSam/Content/Assets/Characters/Gardener/AnimationSet/standing_idle_01.uasset" 334
"../../../../../../Users/fowke/Documents/1. Uni/Year-2-Unit-2/FiremanSam/Content/Assets/Characters/Gardener/AnimationSet/standing_run_back.uasset" 335
"../../../../../../Users/fowke/Documents/1. Uni/Year-2-Unit-2/FiremanSam/Content/Assets/Characters/Gardener/AnimationSet/standing_run_forward.uasset" 336
"../../../../../../Users/fowke/Documents/1. Uni/Year-2-Unit-2/FiremanSam/Content/Assets/Characters/Gardener/AnimationSet/standing_run_left.uasset" 337
"../../../../../../Users/fowke/Documents/1. Uni/Year-2-Unit-2/FiremanSam/Content/Assets/Characters/Gardener/AnimationSet/standing_run_right.uasset" 338
"../../../../../../Users/fowke/Documents/1. Uni/Year-2-Unit-2/FiremanSam/Content/Assets/Characters/Gardener/AnimationSet/standing_walk_back.uasset" 339
"../../../../../../Users/fowke/Documents/1. Uni/Year-2-Unit-2/FiremanSam/Content/Assets/Characters/Gardener/AnimationSet/standing_walk_forward.uasset" 340
"../../../../../../Users/fowke/Documents/1. Uni/Year-2-Unit-2/FiremanSam/Content/Assets/Characters/Gardener/AnimationSet/standing_walk_left.uasset" 341
"../../../../../../Users/fowke/Documents/1. Uni/Year-2-Unit-2/FiremanSam/Content/Assets/Characters/Gardener/AnimationSet/standing_walk_right.uasset" 342
"../../../../../../Users/fowke/Documents/1. Uni/Year-2-Unit-2/FiremanSam/Content/Animations/Gardener/MovementBlendSpace.uasset" 343
"../../../../../../Users/fowke/Documents/1. Uni/Year-2-Unit-2/FiremanSam/Content/Animations/Gardener/GardenerBlueprint.uasset" 344
"../../../../../../Users/fowke/Documents/1. Uni/Year-2-Unit-2/FiremanSam/Content/Blueprints/GameObjects/Burnables/GrowthState.uasset" 345
"../../../../../../Users/fowke/Documents/1. Uni/Year-2-Unit-2/FiremanSam/Content/Blueprints/GameObjects/Burnables/GrowthStructure.uasset" 346
"../../../../../../Users/fowke/Documents/1. Uni/Year-2-Unit-2/FiremanSam/Content/Blueprints/GameObjects/Burnables/Growing_Base.uasset" 347
"../../../../../../Users/fowke/Documents/1. Uni/Year-2-Unit-2/FiremanSam/Content/Assets/Textures/Tree/Bark/Stylised_Bark_Texture_ambientocclusion.uasset" 348
"../../../../../../Users/fowke/Documents/1. Uni/Year-2-Unit-2/FiremanSam/Content/Assets/Textures/Tree/Bark/Stylised_Bark_Texture_basecolor.uasset" 349
"../../../../../../Users/fowke/Documents/1. Uni/Year-2-Unit-2/FiremanSam/Content/Assets/Textures/Tree/Bark/Stylised_Bark_Texture_height.uasset" 350
"../../../../../../Users/fowke/Documents/1. Uni/Year-2-Unit-2/FiremanSam/Content/Assets/Textures/Tree/Bark/Stylised_Bark_Texture_normal.uasset" 351
"../../../../../../Users/fowke/Documents/1. Uni/Year-2-Unit-2/FiremanSam/Content/Assets/Textures/Tree/Bark/Stylised_Bark_Texture_roughness.uasset" 352
"../../../../../../Users/fowke/Documents/1. Uni/Year-2-Unit-2/FiremanSam/Content/Assets/Textures/Tree/Bark/Tree_Bark.uasset" 353
"../../../../../../Users/fowke/Documents/1. Uni/Year-2-Unit-2/FiremanSam/Content/Assets/Textures/Tree/Bark/Tree_Bark_Dark.uasset" 354
"../../../../../../Users/fowke/Documents/1. Uni/Year-2-Unit-2/FiremanSam/Content/Assets/Nature/Trees/States/A/Leaves.uasset" 355
"../../../../../../Users/fowke/Documents/1. Uni/Year-2-Unit-2/FiremanSam/Content/Assets/Nature/Trees/States/A/Tree_A_State_1.uasset" 356
"../../../../../../Users/fowke/Documents/1. Uni/Year-2-Unit-2/FiremanSam/Content/Assets/Nature/Trees/States/A/Tree_A_State_2.uasset" 357
"../../../../../../Users/fowke/Documents/1. Uni/Year-2-Unit-2/FiremanSam/Content/Assets/Nature/Trees/States/A/Tree_A_State_3.uasset" 358
"../../../../../../Users/fowke/Documents/1. Uni/Year-2-Unit-2/FiremanSam/Content/Assets/Nature/Trees/States/A/Tree_A_State_4.uasset" 359
"../../../../../../Users/fowke/Documents/1. Uni/Year-2-Unit-2/FiremanSam/Content/Blueprints/Nature/Burnable/Tree/TreeTypeA.uasset" 360
"../../../../../../Users/fowke/Documents/1. Uni/Year-2-Unit-2/FiremanSam/Content/Materials/Nature/LeavesFireMaterialB.uasset" 361
"../../../../../../Users/fowke/Documents/1. Uni/Year-2-Unit-2/FiremanSam/Content/Assets/Nature/Trees/States/B/Leaves.uasset" 362
"../../../../../../Users/fowke/Documents/1. Uni/Year-2-Unit-2/FiremanSam/Content/Assets/Nature/Trees/States/B/Tree_B_State_1.uasset" 363
"../../../../../../Users/fowke/Documents/1. Uni/Year-2-Unit-2/FiremanSam/Content/Assets/Nature/Trees/States/B/Tree_B_State_2.uasset" 364
"../../../../../../Users/fowke/Documents/1. Uni/Year-2-Unit-2/FiremanSam/Content/Assets/Nature/Trees/States/B/Tree_B_State_3.uasset" 365
"../../../../../../Users/fowke/Documents/1. Uni/Year-2-Unit-2/FiremanSam/Content/Assets/Nature/Trees/States/B/Tree_B_State_4.uasset" 366
"../../../../../../Users/fowke/Documents/1. Uni/Year-2-Unit-2/FiremanSam/Content/Blueprints/Nature/Burnable/Tree/TreeTypeB.uasset" 367
"../../../Engine/Content/BasicShapes/BasicShapeMaterial.uasset" 368
"../../../../../../Users/fowke/Documents/1. Uni/Year-2-Unit-2/FiremanSam/Content/Assets/Tools/Gardener/Drone/DroneField.uasset" 369
"../../../Engine/Content/BasicShapes/Cone.uasset" 370
"../../../Engine/Content/BasicShapes/Cylinder.uasset" 371
"../../../Engine/Content/EngineMeshes/Sphere.uasset" 372
"../../../../../../Users/fowke/Documents/1. Uni/Year-2-Unit-2/FiremanSam/Content/Blueprints/Tools/Throwables/DroneBP.uasset" 373
"../../../../../../Users/fowke/Documents/1. Uni/Year-2-Unit-2/FiremanSam/Content/Blueprints/Tools/Gardener/GardenerToolComponent.uasset" 374
"../../../../../../Users/fowke/Documents/1. Uni/Year-2-Unit-2/FiremanSam/Content/Assets/Characters/Gardener/M_black.uasset" 375
"../../../../../../Users/fowke/Documents/1. Uni/Year-2-Unit-2/FiremanSam/Content/Assets/Characters/Gardener/M_brown.uasset" 376
"../../../../../../Users/fowke/Documents/1. Uni/Year-2-Unit-2/FiremanSam/Content/Assets/Characters/Gardener/M_dark_green.uasset" 377
"../../../../../../Users/fowke/Documents/1. Uni/Year-2-Unit-2/FiremanSam/Content/Assets/Characters/Gardener/M_ginger.uasset" 378
"../../../../../../Users/fowke/Documents/1. Uni/Year-2-Unit-2/FiremanSam/Content/Assets/Characters/Gardener/M_GR_skin.uasset" 379
"../../../../../../Users/fowke/Documents/1. Uni/Year-2-Unit-2/FiremanSam/Content/Assets/Characters/Gardener/M_green.uasset" 380
"../../../../../../Users/fowke/Documents/1. Uni/Year-2-Unit-2/FiremanSam/Content/Assets/Characters/Gardener/M_grey.uasset" 381
"../../../../../../Users/fowke/Documents/1. Uni/Year-2-Unit-2/FiremanSam/Content/Assets/Characters/Gardener/M_white.uasset" 382
"../../../../../../Users/fowke/Documents/1. Uni/Year-2-Unit-2/FiremanSam/Content/Assets/Characters/Gardener/Gardener_Base_PhysicsAsset.uasset" 383
"../../../../../../Users/fowke/Documents/1. Uni/Year-2-Unit-2/FiremanSam/Content/Assets/Characters/Gardener/Gardener_Base_Idle.uasset" 384
"../../../../../../Users/fowke/Documents/1. Uni/Year-2-Unit-2/FiremanSam/Content/Assets/Tools/Gardener/Shvax/Blade.uasset" 385
"../../../../../../Users/fowke/Documents/1. Uni/Year-2-Unit-2/FiremanSam/Content/Assets/Tools/Gardener/Shvax/lambert1.uasset" 386
"../../../../../../Users/fowke/Documents/1. Uni/Year-2-Unit-2/FiremanSam/Content/Assets/Tools/Gardener/Shvax/Linen_Wrap.uasset" 387
"../../../../../../Users/fowke/Documents/1. Uni/Year-2-Unit-2/FiremanSam/Content/Assets/Tools/Gardener/Shvax/Red.uasset" 388
"../../../../../../Users/fowke/Documents/1. Uni/Year-2-Unit-2/FiremanSam/Content/Assets/Tools/Gardener/Shvax/Secondary_Red.uasset" 389
"../../../../../../Users/fowke/Documents/1. Uni/Year-2-Unit-2/FiremanSam/Content/Assets/Tools/Gardener/Shvax/Wood.uasset" 390
"../../../../../../Users/fowke/Documents/1. Uni/Year-2-Unit-2/FiremanSam/Content/Assets/Tools/Gardener/Shvax/Shvax.uasset" 391
"../../../../../../Users/fowke/Documents/1. Uni/Year-2-Unit-2/FiremanSam/Content/Blueprints/Characters/Gardener/Gardener_BP.uasset" 392
"../../../../../../Users/fowke/Documents/1. Uni/Year-2-Unit-2/FiremanSam/Content/Assets/Tools/Gardener/WaterTank/M_red.uasset" 393
"../../../../../../Users/fowke/Documents/1. Uni/Year-2-Unit-2/FiremanSam/Content/Assets/Tools/Gardener/WaterTank/M_blue.uasset" 394
"../../../../../../Users/fowke/Documents/1. Uni/Year-2-Unit-2/FiremanSam/Content/Assets/Tools/Gardener/WaterTank/M_blue_light.uasset" 395
"../../../../../../Users/fowke/Documents/1. Uni/Year-2-Unit-2/FiremanSam/Content/Assets/Tools/Gardener/WaterTank/M_grey.uasset" 396
"../../../../../../Users/fowke/Documents/1. Uni/Year-2-Unit-2/FiremanSam/Content/Assets/Tools/Gardener/WaterTank/SM_Tank_material.uasset" 397
"../../../../../../Users/fowke/Documents/1. Uni/Year-2-Unit-2/FiremanSam/Content/Blueprints/Tools/Gardener/WaterTank/WaterTankWidget.uasset" 398
"../../../../../../Users/fowke/Documents/1. Uni/Year-2-Unit-2/FiremanSam/Content/Blueprints/Tools/Gardener/WaterTank/WaterTank.uasset" 399
"../../../../../../Users/fowke/Documents/1. Uni/Year-2-Unit-2/FiremanSam/Content/Blueprints/Tools/Tube/WaterTube.uasset" 400
"../../../../../../Users/fowke/Documents/1. Uni/Year-2-Unit-2/FiremanSam/Content/Blueprints/Tools/Fireman/FiremanToolComponent.uasset" 401
"../../../../../../Users/fowke/Documents/1. Uni/Year-2-Unit-2/FiremanSam/Content/Assets/Characters/Firefighter/M_black.uasset" 402
"../../../../../../Users/fowke/Documents/1. Uni/Year-2-Unit-2/FiremanSam/Content/Assets/Characters/Firefighter/M_grey.uasset" 403
"../../../../../../Users/fowke/Documents/1. Uni/Year-2-Unit-2/FiremanSam/Content/Assets/Characters/Firefighter/M_hair_FF.uasset" 404
"../../../../../../Users/fowke/Documents/1. Uni/Year-2-Unit-2/FiremanSam/Content/Assets/Characters/Firefighter/M_red.uasset" 405
"../../../../../../Users/fowke/Documents/1. Uni/Year-2-Unit-2/FiremanSam/Content/Assets/Characters/Firefighter/M_skin.uasset" 406
"../../../../../../Users/fowke/Documents/1. Uni/Year-2-Unit-2/FiremanSam/Content/Assets/Characters/Firefighter/Fireman_Base_PhysicsAsset.uasset" 407
"../../../../../../Users/fowke/Documents/1. Uni/Year-2-Unit-2/FiremanSam/Content/Assets/Characters/Firefighter/Fireman_Base.uasset" 408
"../../../../../../Users/fowke/Documents/1. Uni/Year-2-Unit-2/FiremanSam/Content/Blueprints/Characters/Fireman/Fireman_BP.uasset" 409
"../../../../../../Users/fowke/Documents/1. Uni/Year-2-Unit-2/FiremanSam/Content/Assets/Element/Water/Water_Base.uasset" 410
"../../../../../../Users/fowke/Documents/1. Uni/Year-2-Unit-2/FiremanSam/Content/Assets/Element/Water/Water_Low.uasset" 411
"../../../../../../Users/fowke/Documents/1. Uni/Year-2-Unit-2/FiremanSam/Content/Particles/WaterParticleSystem.uasset" 412
"../../../../../../Users/fowke/Documents/1. Uni/Year-2-Unit-2/FiremanSam/Content/Blueprints/Tools/Fireman/WaterGun/WaterProjectile.uasset" 413
"../../../../../../Users/fowke/Documents/1. Uni/Year-2-Unit-2/FiremanSam/Content/Assets/Tools/Firefighter/WaterGun/M_red.uasset" 414
"../../../../../../Users/fowke/Documents/1. Uni/Year-2-Unit-2/FiremanSam/Content/Assets/Tools/Firefighter/WaterGun/M_black.uasset" 415
"../../../../../../Users/fowke/Documents/1. Uni/Year-2-Unit-2/FiremanSam/Content/Assets/Tools/Firefighter/WaterGun/M_blue.uasset" 416
"../../../../../../Users/fowke/Documents/1. Uni/Year-2-Unit-2/FiremanSam/Content/Assets/Tools/Firefighter/WaterGun/M_blue_light.uasset" 417
"../../../../../../Users/fowke/Documents/1. Uni/Year-2-Unit-2/FiremanSam/Content/Assets/Tools/Firefighter/WaterGun/M_grey.uasset" 418
"../../../../../../Users/fowke/Documents/1. Uni/Year-2-Unit-2/FiremanSam/Content/Assets/Tools/Firefighter/WaterGun/SM_Gun_material.uasset" 419
"../../../../../../Users/fowke/Documents/1. Uni/Year-2-Unit-2/FiremanSam/Content/Blueprints/Tools/Fireman/WaterGun/WaterGun.uasset" 420
"../../../../../../Users/fowke/Documents/1. Uni/Year-2-Unit-2/FiremanSam/Content/Blueprints/Tools/Fireman/WaterGun.uasset" 421
"../../../Engine/Content/EngineSky/C_Sky_Cloud_Color.uasset" 422
"../../../Engine/Content/EngineSky/C_Sky_Horizon_Color.uasset" 423
"../../../Engine/Content/EngineSky/C_Sky_Zenith_Color.uasset" 424
"../../../Engine/Content/EngineSky/T_Sky_Blue.uasset" 425
"../../../Engine/Content/EngineSky/T_Sky_Stars.uasset" 426
"../../../Engine/Content/EngineSky/M_Sky_Panning_Clouds2.uasset" 427
"../../../Engine/Content/EngineSky/SM_SkySphere.uasset" 428
"../../../Engine/Content/EngineSky/BP_Sky_Sphere.uasset" 429
"../../../../../../Users/fowke/Documents/1. Uni/Year-2-Unit-2/FiremanSam/Content/Blueprints/Tools/Fireman/WaterProjectile.uasset" 430
"../../../../../../Users/fowke/Documents/1. Uni/Year-2-Unit-2/FiremanSam/Content/Objects/Nature/Burnable/TypeA.uasset" 431
"../../../../../../Users/fowke/Documents/1. Uni/Year-2-Unit-2/FiremanSam/Content/Objects/Nature/Burnable/Burnable_Base.uasset" 432
"../../../../../../Users/fowke/Documents/1. Uni/Year-2-Unit-2/FiremanSam/Content/Assets/Textures/Grass/PracticeGrass_basecolor.uasset" 433
"../../../../../../Users/fowke/Documents/1. Uni/Year-2-Unit-2/FiremanSam/Content/Assets/Textures/Grass/PracticeGrass_height.uasset" 434
"../../../../../../Users/fowke/Documents/1. Uni/Year-2-Unit-2/FiremanSam/Content/Assets/Textures/Mud/Mud_Practice_basecolor.uasset" 435
"../../../../../../Users/fowke/Documents/1. Uni/Year-2-Unit-2/FiremanSam/Content/Assets/Textures/Mud/Mud_Practice_height.uasset" 436
"../../../../../../Users/fowke/Documents/1. Uni/Year-2-Unit-2/FiremanSam/Content/Materials/Landscape/GrassLandspaceMaterial.uasset" 437
"../../../Engine/Content/EngineMaterials/DefaultPhysicalMaterial.uasset" 438
"../../../../../../Users/fowke/Documents/1. Uni/Year-2-Unit-2/FiremanSam/Content/Levels/Development/DevelopmentLevel.umap" 439
"../../../Engine/Content/BasicShapes/Sphere.uasset" 440
"../../../../../../Users/fowke/Documents/1. Uni/Year-2-Unit-2/FiremanSam/Content/Blueprints/GameObjects/GameControllers/FireStarter.uasset" 441
"../../../../../../Users/fowke/Documents/1. Uni/Year-2-Unit-2/FiremanSam/Content/Blueprints/GameObjects/GameControllers/GrowthStarter.uasset" 442
"../../../../../../Users/fowke/Documents/1. Uni/Year-2-Unit-2/FiremanSam/Content/Blueprints/GameObjects/GameControllers/SmokeStarter.uasset" 443
"../../../../../../Users/fowke/Documents/1. Uni/Year-2-Unit-2/FiremanSam/Content/Blueprints/Nature/Burnable/TreeTypeA.uasset" 444
"../../../../../../Users/fowke/Documents/1. Uni/Year-2-Unit-2/FiremanSam/Content/Blueprints/Nature/Burnable/TreeTypeB.uasset" 445
"../../../../../../Users/fowke/Documents/1. Uni/Year-2-Unit-2/FiremanSam/Content/Objects/Nature/Burnable/TypeB.uasset" 446
"../../../Engine/Content/MapTemplates/SM_Template_Map_Floor.uasset" 447
"../../../../../../Users/fowke/Documents/1. Uni/Year-2-Unit-2/FiremanSam/Content/Levels/Development/FireControllerObjects.umap" 448
"../../../../../../Users/fowke/Documents/1. Uni/Year-2-Unit-2/FiremanSam/Content/Levels/Development/FireMaterialReworkLevel_BuiltData.uasset" 449
"../../../../../../Users/fowke/Documents/1. Uni/Year-2-Unit-2/FiremanSam/Content/Levels/Development/FireMaterialReworkLevel.umap" 450
"../../../../../../Users/fowke/Documents/1. Uni/Year-2-Unit-2/FiremanSam/Content/Levels/Development/FireSpreadDemoSystem.umap" 451
"../../../../../../Users/fowke/Documents/1. Uni/Year-2-Unit-2/FiremanSam/Content/Blueprints/GameModes/SpawnTools/COOPSpawnPoint.uasset" 452
"../../../../../../Users/fowke/Documents/1. Uni/Year-2-Unit-2/FiremanSam/Content/Levels/Development/GameplayDevelopment_BuiltData.uasset" 453
"../../../../../../Users/fowke/Documents/1. Uni/Year-2-Unit-2/FiremanSam/Content/Levels/Development/GameplayDevelopment.umap" 454
"../../../../../../Users/fowke/Documents/1. Uni/Year-2-Unit-2/FiremanSam/Content/Levels/Development/GrowthTreeDemo_BuiltData.uasset" 455
"../../../../../../Users/fowke/Documents/1. Uni/Year-2-Unit-2/FiremanSam/Content/Levels/Development/GrowthTreeDemo.umap" 456
"../../../../../../Users/fowke/Documents/1. Uni/Year-2-Unit-2/FiremanSam/Content/Levels/Development/PerformanceTesting_BuiltData.uasset" 457
"../../../../../../Users/fowke/Documents/1. Uni/Year-2-Unit-2/FiremanSam/Content/Levels/Development/PerformanceTesting.umap" 458
"../../../../../../Users/fowke/Documents/1. Uni/Year-2-Unit-2/FiremanSam/Content/UI/UI_Assets/Screens/EndScreen/End_Screen_Updated.uasset" 459
"../../../../../../Users/fowke/Documents/1. Uni/Year-2-Unit-2/FiremanSam/Content/UI/Screens/EndGameWidget.uasset" 460
"../../../../../../Users/fowke/Documents/1. Uni/Year-2-Unit-2/FiremanSam/Content/UI/Screens/EndHUD.uasset" 461
"../../../../../../Users/fowke/Documents/1. Uni/Year-2-Unit-2/FiremanSam/Content/Blueprints/GameModes/EndMode.uasset" 462
"../../../../../../Users/fowke/Documents/1. Uni/Year-2-Unit-2/FiremanSam/Content/Levels/GameMap/EndLevel.umap" 463
"../../../../../../Users/fowke/Documents/1. Uni/Year-2-Unit-2/FiremanSam/Content/Levels/Development/GameplayDevelopment_sharedassets/Grass_LayerInfo.uasset" 464
"../../../../../../Users/fowke/Documents/1. Uni/Year-2-Unit-2/FiremanSam/Content/Levels/Development/GameplayDevelopment_sharedassets/Mud_LayerInfo.uasset" 465
"../../../../../../Users/fowke/Documents/1. Uni/Year-2-Unit-2/FiremanSam/Content/Levels/Development/GameplayDevelopment_sharedassets/Rock_LayerInfo.uasset" 466
"../../../../../../Users/fowke/Documents/1. Uni/Year-2-Unit-2/FiremanSam/Content/Levels/GameMap/Main_Level_BuiltData.uasset" 467
"../../../../../../Users/fowke/Documents/1. Uni/Year-2-Unit-2/FiremanSam/Content/Materials/Landscape/Grass/PracticeGrass_ambientocclusion.uasset" 468
"../../../../../../Users/fowke/Documents/1. Uni/Year-2-Unit-2/FiremanSam/Content/Materials/Landscape/Grass/PracticeGrass_basecolor.uasset" 469
"../../../../../../Users/fowke/Documents/1. Uni/Year-2-Unit-2/FiremanSam/Content/Materials/Landscape/Grass/PracticeGrass_height.uasset" 470
"../../../../../../Users/fowke/Documents/1. Uni/Year-2-Unit-2/FiremanSam/Content/Materials/Landscape/Grass/PracticeGrass_normal.uasset" 471
"../../../../../../Users/fowke/Documents/1. Uni/Year-2-Unit-2/FiremanSam/Content/Materials/Landscape/Grass/PracticeGrass_roughness.uasset" 472
"../../../../../../Users/fowke/Documents/1. Uni/Year-2-Unit-2/FiremanSam/Content/Materials/Landscape/Mud/Mud_Practice_ambientocclusion.uasset" 473
"../../../../../../Users/fowke/Documents/1. Uni/Year-2-Unit-2/FiremanSam/Content/Materials/Landscape/Mud/Mud_Practice_basecolor.uasset" 474
"../../../../../../Users/fowke/Documents/1. Uni/Year-2-Unit-2/FiremanSam/Content/Materials/Landscape/Mud/Mud_Practice_height.uasset" 475
"../../../../../../Users/fowke/Documents/1. Uni/Year-2-Unit-2/FiremanSam/Content/Materials/Landscape/Mud/Mud_Practice_metallic.uasset" 476
"../../../../../../Users/fowke/Documents/1. Uni/Year-2-Unit-2/FiremanSam/Content/Materials/Landscape/Mud/Mud_Practice_normal.uasset" 477
"../../../../../../Users/fowke/Documents/1. Uni/Year-2-Unit-2/FiremanSam/Content/Materials/Landscape/Mud/Mud_Practice_roughness.uasset" 478
"../../../../../../Users/fowke/Documents/1. Uni/Year-2-Unit-2/FiremanSam/Content/Materials/Landscape/Rock/Rocks_ambientocclusion.uasset" 479
"../../../../../../Users/fowke/Documents/1. Uni/Year-2-Unit-2/FiremanSam/Content/Materials/Landscape/Rock/Rocks_basecolor.uasset" 480
"../../../../../../Users/fowke/Documents/1. Uni/Year-2-Unit-2/FiremanSam/Content/Materials/Landscape/Rock/Rocks_height.uasset" 481
"../../../../../../Users/fowke/Documents/1. Uni/Year-2-Unit-2/FiremanSam/Content/Materials/Landscape/Rock/Rocks_normal.uasset" 482
"../../../../../../Users/fowke/Documents/1. Uni/Year-2-Unit-2/FiremanSam/Content/Materials/Landscape/Rock/Rocks_roughness.uasset" 483
"../../../../../../Users/fowke/Documents/1. Uni/Year-2-Unit-2/FiremanSam/Content/Materials/Landscape/Landscape.uasset" 484
"../../../../../../Users/fowke/Documents/1. Uni/Year-2-Unit-2/FiremanSam/Content/Assets/Nature/Bush/Bush_B.uasset" 485
"../../../../../../Users/fowke/Documents/1. Uni/Year-2-Unit-2/FiremanSam/Content/Assets/Nature/Bush/Bush_C.uasset" 486
"../../../../../../Users/fowke/Documents/1. Uni/Year-2-Unit-2/FiremanSam/Content/Assets/Nature/Bush/Bush_D.uasset" 487
"../../../../../../Users/fowke/Documents/1. Uni/Year-2-Unit-2/FiremanSam/Content/Assets/Nature/Grass/Plant_Face.uasset" 488
"../../../../../../Users/fowke/Documents/1. Uni/Year-2-Unit-2/FiremanSam/Content/Assets/Nature/Grass/Plant_Face_2.uasset" 489
"../../../../../../Users/fowke/Documents/1. Uni/Year-2-Unit-2/FiremanSam/Content/Assets/Textures/Tree/leaves_A/Leaves_A.uasset" 490
"../../../../../../Users/fowke/Documents/1. Uni/Year-2-Unit-2/FiremanSam/Content/Assets/Nature/Grass/Grass_A.uasset" 491
"../../../../../../Users/fowke/Documents/1. Uni/Year-2-Unit-2/FiremanSam/Content/Assets/Nature/Grass/Grass_B.uasset" 492
"../../../../../../Users/fowke/Documents/1. Uni/Year-2-Unit-2/FiremanSam/Content/Assets/Nature/Grass/Grass_C.uasset" 493
"../../../../../../Users/fowke/Documents/1. Uni/Year-2-Unit-2/FiremanSam/Content/Assets/Nature/Grass/Grass_D.uasset" 494
"../../../../../../Users/fowke/Documents/1. Uni/Year-2-Unit-2/FiremanSam/Content/Assets/Nature/Rock/Rock_Base.uasset" 495
"../../../../../../Users/fowke/Documents/1. Uni/Year-2-Unit-2/FiremanSam/Content/Assets/Nature/Rock/Rock_A.uasset" 496
"../../../../../../Users/fowke/Documents/1. Uni/Year-2-Unit-2/FiremanSam/Content/Assets/Nature/Rock/Rock_secondary.uasset" 497
"../../../../../../Users/fowke/Documents/1. Uni/Year-2-Unit-2/FiremanSam/Content/Assets/Nature/Rock/Rock_B.uasset" 498
"../../../../../../Users/fowke/Documents/1. Uni/Year-2-Unit-2/FiremanSam/Content/Assets/Nature/Rock/Rock_C.uasset" 499
"../../../../../../Users/fowke/Documents/1. Uni/Year-2-Unit-2/FiremanSam/Content/Assets/Nature/Rock/Rock_D.uasset" 500
"../../../../../../Users/fowke/Documents/1. Uni/Year-2-Unit-2/FiremanSam/Content/Assets/Structures/Barn/painted_wood.uasset" 501
"../../../../../../Users/fowke/Documents/1. Uni/Year-2-Unit-2/FiremanSam/Content/Assets/Structures/Barn/Red_Wood.uasset" 502
"../../../../../../Users/fowke/Documents/1. Uni/Year-2-Unit-2/FiremanSam/Content/Assets/Structures/Barn/Barn_Quarter.uasset" 503
"../../../../../../Users/fowke/Documents/1. Uni/Year-2-Unit-2/FiremanSam/Content/Assets/Structures/Fences/Nails.uasset" 504
"../../../../../../Users/fowke/Documents/1. Uni/Year-2-Unit-2/FiremanSam/Content/Assets/Structures/Fences/painted_wood.uasset" 505
"../../../../../../Users/fowke/Documents/1. Uni/Year-2-Unit-2/FiremanSam/Content/Assets/Structures/Fences/Fence_Broken.uasset" 506
"../../../../../../Users/fowke/Documents/1. Uni/Year-2-Unit-2/FiremanSam/Content/Assets/Structures/Fences/blinn1.uasset" 507
"../../../../../../Users/fowke/Documents/1. Uni/Year-2-Unit-2/FiremanSam/Content/Assets/Structures/Fences/lambert2.uasset" 508
"../../../../../../Users/fowke/Documents/1. Uni/Year-2-Unit-2/FiremanSam/Content/Assets/Structures/Fences/Fence_Damaged.uasset" 509
"../../../../../../Users/fowke/Documents/1. Uni/Year-2-Unit-2/FiremanSam/Content/Assets/Structures/Fences/Fence_Prestine.uasset" 510
"../../../../../../Users/fowke/Documents/1. Uni/Year-2-Unit-2/FiremanSam/Content/Assets/Structures/Props/Tree_Base.uasset" 511
"../../../../../../Users/fowke/Documents/1. Uni/Year-2-Unit-2/FiremanSam/Content/Assets/Structures/Props/Tree_Secondary.uasset" 512
"../../../../../../Users/fowke/Documents/1. Uni/Year-2-Unit-2/FiremanSam/Content/Assets/Structures/Props/Tree_Trunk.uasset" 513
"../../../../../../Users/fowke/Documents/1. Uni/Year-2-Unit-2/FiremanSam/Content/Assets/Structures/Props/Wood_Fence.uasset" 514
"../../../../../../Users/fowke/Documents/1. Uni/Year-2-Unit-2/FiremanSam/Content/Assets/Structures/Props/Wood_pile.uasset" 515
"../../../../../../Users/fowke/Documents/1. Uni/Year-2-Unit-2/FiremanSam/Content/Assets/Structures/Watchtower/Tree_Base.uasset" 516
"../../../../../../Users/fowke/Documents/1. Uni/Year-2-Unit-2/FiremanSam/Content/Assets/Structures/Watchtower/Tree_Secondary.uasset" 517
"../../../../../../Users/fowke/Documents/1. Uni/Year-2-Unit-2/FiremanSam/Content/Assets/Structures/Watchtower/Watchtower.uasset" 518
"../../../../../../Users/fowke/Documents/1. Uni/Year-2-Unit-2/FiremanSam/Content/Assets/Tools/Gardener/Axe/Fabric.uasset" 519
"../../../../../../Users/fowke/Documents/1. Uni/Year-2-Unit-2/FiremanSam/Content/Assets/Tools/Gardener/Axe/Metal.uasset" 520
"../../../../../../Users/fowke/Documents/1. Uni/Year-2-Unit-2/FiremanSam/Content/Assets/Tools/Gardener/Axe/Wood.uasset" 521
"../../../../../../Users/fowke/Documents/1. Uni/Year-2-Unit-2/FiremanSam/Content/Assets/Tools/Gardener/Axe/AXE.uasset" 522
"../../../../../../Users/fowke/Documents/1. Uni/Year-2-Unit-2/FiremanSam/Content/Levels/GameMap/Main_Level.umap" 523
"../../../../../../Users/fowke/Documents/1. Uni/Year-2-Unit-2/FiremanSam/Content/Levels/Development/DevelopmentLevel_sharedassets/Grass_LayerInfo.uasset" 524
"../../../../../../Users/fowke/Documents/1. Uni/Year-2-Unit-2/FiremanSam/Content/Levels/GameMap/PracticeLevel_BuiltData.uasset" 525
"../../../../../../Users/fowke/Documents/1. Uni/Year-2-Unit-2/FiremanSam/Content/Levels/GameMap/PracticeLevel.umap" 526
"../../../../../../Users/fowke/Documents/1. Uni/Year-2-Unit-2/FiremanSam/Content/UI/UI_Assets/Screens/StartScreen/Logo.uasset" 527
"../../../../../../Users/fowke/Documents/1. Uni/Year-2-Unit-2/FiremanSam/Content/UI/Screens/StartGameWidget.uasset" 528
"../../../../../../Users/fowke/Documents/1. Uni/Year-2-Unit-2/FiremanSam/Content/UI/Screens/StartHUD.uasset" 529
"../../../../../../Users/fowke/Documents/1. Uni/Year-2-Unit-2/FiremanSam/Content/Blueprints/GameModes/StartMode.uasset" 530
"../../../Engine/Content/BasicShapes/Plane.uasset" 531
"../../../../../../Users/fowke/Documents/1. Uni/Year-2-Unit-2/FiremanSam/Content/Levels/GameMap/StartLevel.umap" 532
"../../../../../../Users/fowke/Documents/1. Uni/Year-2-Unit-2/FiremanSam/Content/Levels/GameMap/TutorialLevel/FinishTutorialTrigger.uasset" 533
"../../../../../../Users/fowke/Documents/1. Uni/Year-2-Unit-2/FiremanSam/Content/Blueprints/GameModes/TutorialMode.uasset" 534
"../../../../../../Users/fowke/Documents/1. Uni/Year-2-Unit-2/FiremanSam/Content/Levels/GameMap/TutorialLevel_BuiltData.uasset" 535
"../../../Engine/Content/EditorLandscapeResources/DefaultAlphaTexture.uasset" 536
"../../../Engine/Content/EditorLandscapeResources/AlphaBrushMaterial.uasset" 537
"../../../../../../Users/fowke/Documents/1. Uni/Year-2-Unit-2/FiremanSam/Content/Levels/GameMap/TutorialLevel.umap" 538
"../../../Engine/Content/Maps/Entry_BuiltData.uasset" 539
"../../../Engine/Content/Maps/Entry.umap" 540
